<?xml version="1.0" encoding="UTF-8"?>
<!-- Generated by org.testng.reporters.JUnitReportReporter -->
<testsuite skipped="0" hostname="DESKTOP-PL9U8FQ" name="com.clearcode.testsuite.TestSuite2" tests="4" failures="0" timestamp="2020-06-26T11:26:38 IST" time="94.606" errors="0">
  <testcase name="CreateCCGroup" time="22.075" classname="com.clearcode.testsuite.TestSuite2"/>
  <testcase name="CreateCCGroup" time="20.510" classname="com.clearcode.testsuite.TestSuite2"/>
  <testcase name="CreateCCGroup" time="20.719" classname="com.clearcode.testsuite.TestSuite2"/>
  <testcase name="CreateCCGroup" time="31.302" classname="com.clearcode.testsuite.TestSuite2"/>
</testsuite> <!-- com.clearcode.testsuite.TestSuite2 -->
