<?xml version="1.0" encoding="UTF-8"?>
<!-- Generated by org.testng.reporters.JUnitReportReporter -->
<testsuite skipped="0" hostname="DESKTOP-PL9U8FQ" name="com.clearcode.testsuite.TestSuite1" tests="4" failures="0" timestamp="2020-06-26T11:29:13 IST" time="80.374" errors="0">
  <testcase name="CreateCCGroup" time="21.089" classname="com.clearcode.testsuite.TestSuite1"/>
  <testcase name="CreateCCGroup" time="18.916" classname="com.clearcode.testsuite.TestSuite1"/>
  <testcase name="CreateCCGroup" time="19.132" classname="com.clearcode.testsuite.TestSuite1"/>
  <testcase name="CreateCCGroup" time="21.237" classname="com.clearcode.testsuite.TestSuite1"/>
</testsuite> <!-- com.clearcode.testsuite.TestSuite1 -->
